<?xml version="1.0" encoding="UTF-8"?>
<testsuite xmlns:xsi="http://www.w3.org/2001/XMLSchema-instance" xsi:noNamespaceSchemaLocation="https://maven.apache.org/surefire/maven-surefire-plugin/xsd/surefire-test-report.xsd" version="3.0.2" name="com.paulobezerra.gerenciador_biblioteca.GerenciadorBibliotecaApplicationTests" time="13.418" tests="1" errors="0" skipped="0" failures="0">
  <properties>
[...]
</properties>
  <testcase name="contextLoads" classname="com.paulobezerra.gerenciador_biblioteca.GerenciadorBibliotecaApplicationTests" time="0.824">
    <system-out><![CDATA[00:22:51.268 [main] INFO org.springframework.test.context.support.AnnotationConfigContextLoaderUtils -- Could not detect default configuration classes for test class [com.paulobezerra.gerenciador_biblioteca.GerenciadorBibliotecaApplicationTests]: GerenciadorBibliotecaApplicationTests does not declare any static, non-private, non-final, nested classes annotated with @Configuration.
00:22:51.502 [main] INFO org.springframework.boot.test.context.SpringBootTestContextBootstrapper -- Found @SpringBootConfiguration com.paulobezerra.gerenciador_biblioteca.GerenciadorBibliotecaApplication for test class com.paulobezerra.gerenciador_biblioteca.GerenciadorBibliotecaApplicationTests

  .   ____          _            __ _ _
 /\\ / ___'_ __ _ _(_)_ __  __ _ \ \ \ \
( ( )\___ | '_ | '_| | '_ \/ _` | \ \ \ \
 \\/  ___)| |_)| | | | | || (_| |  ) ) ) )
  '  |____| .__|_| |_|_| |_\__, | / / / /
 =========|_|==============|___/=/_/_/_/

 :: Spring Boot ::               (v3.5.11)

2026-03-23T00:22:52.350-03:00  INFO 9968 --- [gerenciador-biblioteca] [           main] .g.GerenciadorBibliotecaApplicationTests : Starting GerenciadorBibliotecaApplicationTests using Java 25.0.2 with PID 9968 (started by Paulo Renato in D:\Bootcamp Deloitte\bootcamp_dtt\Main)
2026-03-23T00:22:52.353-03:00  INFO 9968 --- [gerenciador-biblioteca] [           main] .g.GerenciadorBibliotecaApplicationTests : No active profile set, falling back to 1 default profile: "default"
2026-03-23T00:22:54.227-03:00  INFO 9968 --- [gerenciador-biblioteca] [           main] .s.d.r.c.RepositoryConfigurationDelegate : Bootstrapping Spring Data JPA repositories in DEFAULT mode.
2026-03-23T00:22:54.350-03:00  INFO 9968 --- [gerenciador-biblioteca] [           main] .s.d.r.c.RepositoryConfigurationDelegate : Finished Spring Data repository scanning in 101 ms. Found 3 JPA repository interfaces.
2026-03-23T00:22:55.386-03:00  INFO 9968 --- [gerenciador-biblioteca] [           main] o.hibernate.jpa.internal.util.LogHelper  : HHH000204: Processing PersistenceUnitInfo [name: default]
2026-03-23T00:22:55.485-03:00  INFO 9968 --- [gerenciador-biblioteca] [           main] org.hibernate.Version                    : HHH000412: Hibernate ORM core version 6.6.42.Final
2026-03-23T00:22:55.558-03:00  INFO 9968 --- [gerenciador-biblioteca] [           main] o.h.c.internal.RegionFactoryInitiator    : HHH000026: Second-level cache disabled
2026-03-23T00:22:56.284-03:00  INFO 9968 --- [gerenciador-biblioteca] [           main] o.s.o.j.p.SpringPersistenceUnitInfo      : No LoadTimeWeaver setup: ignoring JPA class transformer
2026-03-23T00:22:56.337-03:00  INFO 9968 --- [gerenciador-biblioteca] [           main] com.zaxxer.hikari.HikariDataSource       : HikariPool-1 - Starting...
2026-03-23T00:22:56.825-03:00  INFO 9968 --- [gerenciador-biblioteca] [           main] com.zaxxer.hikari.pool.HikariPool        : HikariPool-1 - Added connection conn0: url=jdbc:h2:file:/home/site/wwwroot/data/bibliotecadb user=SA
2026-03-23T00:22:56.829-03:00  INFO 9968 --- [gerenciador-biblioteca] [           main] com.zaxxer.hikari.HikariDataSource       : HikariPool-1 - Start completed.
2026-03-23T00:22:56.876-03:00  WARN 9968 --- [gerenciador-biblioteca] [           main] org.hibernate.orm.deprecation            : HHH90000025: H2Dialect does not need to be specified explicitly using 'hibernate.dialect' (remove the property setting and it will be selected by default)
2026-03-23T00:22:56.927-03:00  INFO 9968 --- [gerenciador-biblioteca] [           main] org.hibernate.orm.connections.pooling    : HHH10001005: Database info:
	Database JDBC URL [Connecting through datasource 'HikariDataSource (HikariPool-1)']
	Database driver: undefined/unknown
	Database version: 2.3.232
	Autocommit mode: undefined/unknown
	Isolation level: undefined/unknown
	Minimum pool size: undefined/unknown
	Maximum pool size: undefined/unknown
2026-03-23T00:23:01.599-03:00  INFO 9968 --- [gerenciador-biblioteca] [           main] o.h.e.t.j.p.i.JtaPlatformInitiator       : HHH000489: No JTA platform available (set 'hibernate.transaction.jta.platform' to enable JTA platform integration)
2026-03-23T00:23:01.706-03:00  INFO 9968 --- [gerenciador-biblioteca] [           main] j.LocalContainerEntityManagerFactoryBean : Initialized JPA EntityManagerFactory for persistence unit 'default'
2026-03-23T00:23:02.314-03:00  INFO 9968 --- [gerenciador-biblioteca] [           main] o.s.b.a.w.s.WelcomePageHandlerMapping    : Adding welcome page: class path resource [static/index.html]
2026-03-23T00:23:02.735-03:00  INFO 9968 --- [gerenciador-biblioteca] [           main] r$InitializeUserDetailsManagerConfigurer : Global AuthenticationManager configured with UserDetailsService bean with name inMemoryUserDetailsManager
2026-03-23T00:23:03.390-03:00  INFO 9968 --- [gerenciador-biblioteca] [           main] o.s.b.a.h2.H2ConsoleAutoConfiguration    : H2 console available at '/h2-console'. Database available at 'jdbc:h2:file:/home/site/wwwroot/data/bibliotecadb'
2026-03-23T00:23:03.543-03:00  INFO 9968 --- [gerenciador-biblioteca] [           main] .g.GerenciadorBibliotecaApplicationTests : Started GerenciadorBibliotecaApplicationTests in 11.762 seconds (process running for 13.791)
]]></system-out>
    <system-err><![CDATA[Mockito is currently self-attaching to enable the inline-mock-maker. This will no longer work in future releases of the JDK. Please add Mockito as an agent to your build as described in Mockito's documentation: https://javadoc.io/doc/org.mockito/mockito-core/latest/org.mockito/org/mockito/Mockito.html#0.3
WARNING: A Java agent has been loaded dynamically (C:\Users\Paulo Renato\.m2\repository\net\bytebuddy\byte-buddy-agent\1.17.8\byte-buddy-agent-1.17.8.jar)
WARNING: If a serviceability tool is in use, please run with -XX:+EnableDynamicAgentLoading to hide this warning
WARNING: If a serviceability tool is not in use, please run with -Djdk.instrument.traceUsage for more information
WARNING: Dynamic loading of agents will be disallowed by default in a future release
]]></system-err>
  </testcase>
</testsuite>